1506758261.896505 client started (1896): version 2.4, socket /tmp/tmux-197611/default, protocol 8
1506758261.896505 on CYGWIN_NT-6.1 2.9.0(0.318/5/3) 2017-09-12 10:18; libevent 2.0.22-stable (poll)
1506758261.896505 socket is /tmp/tmux-197611/default
1506758261.896505 trying connect
1506758262.897562 connect failed: Connection refused
1506758262.897562 lock file is /tmp/tmux-197611/default.lock
1506758262.898562 flock succeeded
1506758262.899562 got lock (6)
1506758262.899562 trying connect
1506758263.899619 connect failed: Connection refused
1506758263.904620 add peer 0x60005f5a0: 7 (0x0)
1506758263.904620 sending message 100 to peer 0x60005f5a0 (4 bytes)
1506758263.904620 sending message 101 to peer 0x60005f5a0 (6 bytes)
1506758263.904620 sending message 102 to peer 0x60005f5a0 (10 bytes)
1506758263.904620 sending message 108 to peer 0x60005f5a0 (25 bytes)
1506758263.904620 sending message 104 to peer 0x60005f5a0 (0 bytes)
1506758263.904620 sending message 107 to peer 0x60005f5a0 (4 bytes)
1506758263.904620 sending message 105 to peer 0x60005f5a0 (21 bytes)
1506758263.904620 sending message 105 to peer 0x60005f5a0 (14 bytes)
1506758263.904620 sending message 105 to peer 0x60005f5a0 (49 bytes)
1506758263.904620 sending message 105 to peer 0x60005f5a0 (18 bytes)
1506758263.904620 sending message 105 to peer 0x60005f5a0 (65 bytes)
1506758263.904620 sending message 105 to peer 0x60005f5a0 (49 bytes)
1506758263.904620 sending message 105 to peer 0x60005f5a0 (60 bytes)
1506758263.904620 sending message 105 to peer 0x60005f5a0 (20 bytes)
1506758263.904620 sending message 105 to peer 0x60005f5a0 (17 bytes)
1506758263.904620 sending message 105 to peer 0x60005f5a0 (16 bytes)
1506758263.904620 sending message 105 to peer 0x60005f5a0 (19 bytes)
1506758263.904620 sending message 105 to peer 0x60005f5a0 (23 bytes)
1506758263.904620 sending message 105 to peer 0x60005f5a0 (22 bytes)
1506758263.904620 sending message 105 to peer 0x60005f5a0 (18 bytes)
1506758263.904620 sending message 105 to peer 0x60005f5a0 (68 bytes)
1506758263.904620 sending message 105 to peer 0x60005f5a0 (24 bytes)
1506758263.904620 sending message 105 to peer 0x60005f5a0 (29 bytes)
1506758263.904620 sending message 105 to peer 0x60005f5a0 (45 bytes)
1506758263.904620 sending message 105 to peer 0x60005f5a0 (23 bytes)
1506758263.904620 sending message 105 to peer 0x60005f5a0 (14 bytes)
1506758263.905620 sending message 105 to peer 0x60005f5a0 (8 bytes)
1506758263.905620 sending message 105 to peer 0x60005f5a0 (15 bytes)
1506758263.905620 sending message 105 to peer 0x60005f5a0 (30 bytes)
1506758263.905620 sending message 105 to peer 0x60005f5a0 (62 bytes)
1506758263.905620 sending message 105 to peer 0x60005f5a0 (22 bytes)
1506758263.905620 sending message 105 to peer 0x60005f5a0 (72 bytes)
1506758263.905620 sending message 105 to peer 0x60005f5a0 (29 bytes)
1506758263.905620 sending message 105 to peer 0x60005f5a0 (20 bytes)
1506758263.905620 sending message 105 to peer 0x60005f5a0 (9 bytes)
1506758263.905620 sending message 105 to peer 0x60005f5a0 (70 bytes)
1506758263.905620 sending message 105 to peer 0x60005f5a0 (24 bytes)
1506758263.905620 sending message 105 to peer 0x60005f5a0 (17 bytes)
1506758263.905620 sending message 105 to peer 0x60005f5a0 (23 bytes)
1506758263.905620 sending message 105 to peer 0x60005f5a0 (30 bytes)
1506758263.905620 sending message 105 to peer 0x60005f5a0 (24 bytes)
1506758263.905620 sending message 105 to peer 0x60005f5a0 (36 bytes)
1506758263.905620 sending message 105 to peer 0x60005f5a0 (42 bytes)
1506758263.905620 sending message 105 to peer 0x60005f5a0 (16 bytes)
1506758263.905620 sending message 105 to peer 0x60005f5a0 (11 bytes)
1506758263.905620 sending message 105 to peer 0x60005f5a0 (18 bytes)
1506758263.905620 sending message 105 to peer 0x60005f5a0 (27 bytes)
1506758263.905620 sending message 105 to peer 0x60005f5a0 (8 bytes)
1506758263.905620 sending message 105 to peer 0x60005f5a0 (39 bytes)
1506758263.905620 sending message 105 to peer 0x60005f5a0 (30 bytes)
1506758263.905620 sending message 105 to peer 0x60005f5a0 (31 bytes)
1506758263.905620 sending message 105 to peer 0x60005f5a0 (10 bytes)
1506758263.905620 sending message 105 to peer 0x60005f5a0 (20 bytes)
1506758263.905620 sending message 105 to peer 0x60005f5a0 (41 bytes)
1506758263.905620 sending message 105 to peer 0x60005f5a0 (282 bytes)
1506758263.905620 sending message 105 to peer 0x60005f5a0 (72 bytes)
1506758263.905620 sending message 105 to peer 0x60005f5a0 (13 bytes)
1506758263.905620 sending message 105 to peer 0x60005f5a0 (51 bytes)
1506758263.905620 sending message 105 to peer 0x60005f5a0 (25 bytes)
1506758263.905620 sending message 105 to peer 0x60005f5a0 (267 bytes)
1506758263.905620 sending message 105 to peer 0x60005f5a0 (17 bytes)
1506758263.905620 sending message 105 to peer 0x60005f5a0 (58 bytes)
1506758263.905620 sending message 105 to peer 0x60005f5a0 (16 bytes)
1506758263.905620 sending message 106 to peer 0x60005f5a0 (0 bytes)
1506758263.905620 sending message 200 to peer 0x60005f5a0 (4 bytes)
1506758263.905620 client loop enter
1506758263.942622 peer 0x60005f5a0 message 207
1506758263.942622 sending message 208 to peer 0x60005f5a0 (0 bytes)
1506758275.993311 peer 0x60005f5a0 message 203
1506758275.993311 sending message 205 to peer 0x60005f5a0 (0 bytes)
1506758275.994311 peer 0x60005f5a0 message 204
1506758275.994311 client loop exit
